TN:
SF:src/app.ts
FNF:0
FNH:0
DA:1,2
DA:2,2
DA:3,2
DA:4,2
DA:5,2
DA:6,2
DA:7,2
DA:8,2
DA:11,2
DA:13,2
DA:14,2
DA:17,2
DA:18,2
DA:19,2
DA:23,2
DA:24,2
DA:27,2
DA:28,0
DA:29,2
DA:30,0
DA:34,2
DA:37,2
DA:38,2
DA:40,2
LF:24
LH:22
BRDA:11,0,0,2
BRDA:11,0,1,0
BRDA:14,1,0,2
BRDA:14,1,1,0
BRDA:20,2,0,2
BRDA:20,2,1,0
BRDA:27,3,0,0
BRDA:27,3,1,2
BRDA:29,4,0,0
BRDA:29,4,1,2
BRDA:34,5,0,2
BRDA:34,5,1,0
BRF:12
BRH:6
end_of_record
TN:
SF:src/controllers/agentController.ts
FN:11,(anonymous_1)
FN:50,(anonymous_2)
FN:79,(anonymous_3)
FN:132,(anonymous_4)
FN:140,(anonymous_5)
FN:157,(anonymous_6)
FN:199,(anonymous_7)
FN:232,(anonymous_8)
FNF:8
FNH:0
FNDA:0,(anonymous_1)
FNDA:0,(anonymous_2)
FNDA:0,(anonymous_3)
FNDA:0,(anonymous_4)
FNDA:0,(anonymous_5)
FNDA:0,(anonymous_6)
FNDA:0,(anonymous_7)
FNDA:0,(anonymous_8)
DA:2,2
DA:3,2
DA:4,2
DA:5,2
DA:6,2
DA:11,2
DA:12,0
DA:13,0
DA:16,0
DA:17,0
DA:18,0
DA:21,0
DA:22,0
DA:28,0
DA:40,0
DA:42,0
DA:43,0
DA:50,2
DA:51,0
DA:52,0
DA:54,0
DA:64,0
DA:65,0
DA:66,0
DA:69,0
DA:71,0
DA:72,0
DA:79,2
DA:80,0
DA:81,0
DA:82,0
DA:86,0
DA:88,0
DA:89,0
DA:92,0
DA:93,0
DA:95,0
DA:96,0
DA:98,0
DA:99,0
DA:101,0
DA:102,0
DA:104,0
DA:105,0
DA:107,0
DA:108,0
DA:110,0
DA:115,0
DA:132,0
DA:133,0
DA:135,0
DA:140,0
DA:149,0
DA:150,0
DA:157,2
DA:158,0
DA:159,0
DA:160,0
DA:162,0
DA:164,0
DA:165,0
DA:166,0
DA:170,0
DA:171,0
DA:172,0
DA:173,0
DA:174,0
DA:176,0
DA:179,0
DA:189,0
DA:191,0
DA:192,0
DA:199,2
DA:200,0
DA:201,0
DA:203,0
DA:212,0
DA:222,0
DA:224,0
DA:225,0
DA:232,2
DA:233,0
DA:234,0
DA:236,0
DA:238,0
DA:239,0
DA:240,0
DA:244,0
DA:246,0
DA:247,0
DA:248,0
DA:251,0
DA:253,0
DA:255,0
DA:256,0
LF:95
LH:11
BRDA:13,0,0,0
BRDA:13,1,0,0
BRDA:17,2,0,0
BRDA:17,2,1,0
BRDA:21,3,0,0
BRDA:21,3,1,0
BRDA:64,4,0,0
BRDA:64,4,1,0
BRDA:82,5,0,0
BRDA:86,6,0,0
BRDA:86,6,1,0
BRDA:88,7,0,0
BRDA:88,7,1,0
BRDA:93,8,0,0
BRDA:93,8,1,0
BRDA:93,8,2,0
BRDA:93,8,3,0
BRDA:93,8,4,0
BRDA:93,8,5,0
BRDA:133,9,0,0
BRDA:133,9,1,0
BRDA:164,10,0,0
BRDA:164,10,1,0
BRDA:170,11,0,0
BRDA:170,11,1,0
BRDA:171,12,0,0
BRDA:171,12,1,0
BRDA:172,13,0,0
BRDA:172,13,1,0
BRDA:173,14,0,0
BRDA:173,14,1,0
BRDA:174,15,0,0
BRDA:174,15,1,0
BRDA:238,16,0,0
BRDA:238,16,1,0
BRDA:246,17,0,0
BRDA:246,17,1,0
BRF:37
BRH:0
end_of_record
TN:
SF:src/controllers/authController.ts
FN:11,(anonymous_1)
FN:85,(anonymous_2)
FN:122,(anonymous_3)
FN:170,(anonymous_4)
FN:216,(anonymous_5)
FNF:5
FNH:1
FNDA:2,(anonymous_1)
FNDA:0,(anonymous_2)
FNDA:0,(anonymous_3)
FNDA:0,(anonymous_4)
FNDA:0,(anonymous_5)
DA:2,2
DA:3,2
DA:4,2
DA:5,2
DA:6,2
DA:11,2
DA:12,2
DA:13,2
DA:16,2
DA:18,2
DA:20,0
DA:26,0
DA:27,0
DA:31,2
DA:33,2
DA:35,1
DA:42,1
DA:43,1
DA:47,1
DA:48,1
DA:51,1
DA:59,1
DA:65,1
DA:77,0
DA:78,0
DA:85,2
DA:86,0
DA:87,0
DA:89,0
DA:90,0
DA:91,0
DA:95,0
DA:98,0
DA:100,0
DA:101,0
DA:102,0
DA:106,0
DA:112,0
DA:114,0
DA:115,0
DA:122,2
DA:123,0
DA:124,0
DA:125,0
DA:127,0
DA:128,0
DA:129,0
DA:133,0
DA:134,0
DA:135,0
DA:136,0
DA:140,0
DA:142,0
DA:143,0
DA:144,0
DA:148,0
DA:150,0
DA:151,0
DA:152,0
DA:156,0
DA:157,0
DA:158,0
DA:160,0
DA:162,0
DA:163,0
DA:170,2
DA:171,0
DA:172,0
DA:175,0
DA:177,0
DA:179,0
DA:180,0
DA:184,0
DA:187,0
DA:188,0
DA:189,0
DA:192,0
DA:206,0
DA:208,0
DA:209,0
DA:216,2
DA:217,0
LF:82
LH:24
BRDA:18,0,0,0
BRDA:18,0,1,2
BRDA:33,1,0,1
BRDA:33,1,1,1
BRDA:89,2,0,0
BRDA:89,2,1,0
BRDA:100,3,0,0
BRDA:100,3,1,0
BRDA:127,4,0,0
BRDA:127,4,1,0
BRDA:134,5,0,0
BRDA:134,5,1,0
BRDA:142,6,0,0
BRDA:142,6,1,0
BRDA:150,7,0,0
BRDA:150,7,1,0
BRDA:177,8,0,0
BRDA:177,8,1,0
BRF:18
BRH:3
end_of_record
TN:
SF:src/controllers/billingController.ts
FN:12,(anonymous_1)
FN:56,(anonymous_2)
FN:74,(anonymous_3)
FN:134,(anonymous_4)
FNF:4
FNH:0
FNDA:0,(anonymous_1)
FNDA:0,(anonymous_2)
FNDA:0,(anonymous_3)
FNDA:0,(anonymous_4)
DA:2,2
DA:3,2
DA:4,2
DA:5,2
DA:6,2
DA:12,2
DA:13,0
DA:14,0
DA:17,0
DA:18,0
DA:19,0
DA:20,0
DA:21,0
DA:23,0
DA:24,0
DA:29,0
DA:56,0
DA:72,0
DA:74,0
DA:75,0
DA:77,0
DA:78,0
DA:90,0
DA:91,0
DA:93,0
DA:94,0
DA:97,0
DA:105,0
DA:112,0
DA:126,0
DA:127,0
DA:134,2
DA:135,0
DA:136,0
DA:137,0
DA:142,0
DA:148,0
DA:149,0
LF:38
LH:7
BRDA:18,0,0,0
BRDA:18,0,1,0
BRDA:18,1,0,0
BRDA:18,1,1,0
BRDA:20,2,0,0
BRDA:20,2,1,0
BRDA:23,3,0,0
BRDA:23,3,1,0
BRDA:57,4,0,0
BRDA:57,4,1,0
BRDA:58,5,0,0
BRDA:58,5,1,0
BRDA:60,6,0,0
BRDA:60,6,1,0
BRDA:61,7,0,0
BRDA:61,7,1,0
BRDA:62,8,0,0
BRDA:62,8,1,0
BRDA:63,9,0,0
BRDA:63,9,1,0
BRDA:65,10,0,0
BRDA:65,10,1,0
BRDA:67,11,0,0
BRDA:67,11,1,0
BRDA:68,12,0,0
BRDA:68,12,1,0
BRDA:77,13,0,0
BRDA:77,13,1,0
BRDA:90,14,0,0
BRDA:90,14,1,0
BRDA:93,15,0,0
BRDA:93,15,1,0
BRDA:100,16,0,0
BRDA:100,16,1,0
BRDA:101,17,0,0
BRDA:101,17,1,0
BRDA:120,18,0,0
BRDA:120,18,1,0
BRDA:121,19,0,0
BRDA:121,19,1,0
BRDA:144,20,0,0
BRDA:144,20,1,0
BRF:42
BRH:0
end_of_record
TN:
SF:src/controllers/dashboardController.ts
FN:13,(anonymous_10)
FN:78,(anonymous_11)
FN:79,(anonymous_12)
FN:104,(anonymous_13)
FN:150,(anonymous_14)
FN:176,(anonymous_15)
FN:219,(anonymous_16)
FN:238,(anonymous_17)
FNF:8
FNH:0
FNDA:0,(anonymous_10)
FNDA:0,(anonymous_11)
FNDA:0,(anonymous_12)
FNDA:0,(anonymous_13)
FNDA:0,(anonymous_14)
FNDA:0,(anonymous_15)
FNDA:0,(anonymous_16)
FNDA:0,(anonymous_17)
DA:2,2
DA:3,2
DA:4,2
DA:5,2
DA:6,2
DA:7,2
DA:8,2
DA:13,2
DA:14,0
DA:15,0
DA:18,0
DA:19,0
DA:20,0
DA:22,0
DA:23,0
DA:27,0
DA:53,0
DA:78,0
DA:79,0
DA:80,0
DA:81,0
DA:82,0
DA:84,0
DA:94,0
DA:96,0
DA:97,0
DA:104,2
DA:105,0
DA:106,0
DA:109,0
DA:110,0
DA:111,0
DA:113,0
DA:114,0
DA:118,0
DA:119,0
DA:120,0
DA:124,0
DA:150,0
DA:151,0
DA:152,0
DA:153,0
DA:155,0
DA:166,0
DA:168,0
DA:169,0
DA:176,2
DA:177,0
DA:178,0
DA:181,0
DA:182,0
DA:183,0
DA:185,0
DA:186,0
DA:190,0
DA:191,0
DA:192,0
DA:196,0
DA:219,0
DA:228,0
DA:230,0
DA:231,0
DA:238,2
DA:239,0
DA:240,0
DA:241,0
DA:244,0
DA:247,0
DA:256,0
DA:259,0
DA:269,0
DA:276,0
DA:277,0
LF:73
LH:11
BRDA:19,0,0,0
BRDA:19,0,1,0
BRDA:22,1,0,0
BRDA:22,1,1,0
BRDA:72,2,0,0
BRDA:72,2,1,0
BRDA:80,3,0,0
BRDA:80,3,1,0
BRDA:81,4,0,0
BRDA:81,4,1,0
BRDA:82,5,0,0
BRDA:82,5,1,0
BRDA:110,6,0,0
BRDA:110,6,1,0
BRDA:113,7,0,0
BRDA:113,7,1,0
BRDA:119,8,0,0
BRDA:119,8,1,0
BRDA:145,9,0,0
BRDA:145,9,1,0
BRDA:153,10,0,0
BRDA:153,10,1,0
BRDA:182,11,0,0
BRDA:182,11,1,0
BRDA:185,12,0,0
BRDA:185,12,1,0
BRDA:191,13,0,0
BRDA:191,13,1,0
BRDA:212,14,0,0
BRDA:212,14,1,0
BRDA:225,15,0,0
BRDA:225,15,1,0
BRDA:273,16,0,0
BRDA:273,16,1,0
BRF:34
BRH:0
end_of_record
TN:
SF:src/controllers/districtController.ts
FN:7,(anonymous_1)
FNF:1
FNH:0
FNDA:0,(anonymous_1)
DA:2,2
DA:7,2
DA:8,0
DA:9,0
DA:13,0
DA:15,0
DA:16,0
LF:7
LH:2
BRF:0
BRH:0
end_of_record
TN:
SF:src/controllers/meterController.ts
FN:13,(anonymous_1)
FN:89,(anonymous_2)
FN:146,(anonymous_3)
FN:186,(anonymous_4)
FN:191,(anonymous_5)
FN:210,(anonymous_6)
FN:230,(anonymous_7)
FN:282,(anonymous_8)
FN:332,(anonymous_9)
FNF:9
FNH:0
FNDA:0,(anonymous_1)
FNDA:0,(anonymous_2)
FNDA:0,(anonymous_3)
FNDA:0,(anonymous_4)
FNDA:0,(anonymous_5)
FNDA:0,(anonymous_6)
FNDA:0,(anonymous_7)
FNDA:0,(anonymous_8)
FNDA:0,(anonymous_9)
DA:2,2
DA:3,2
DA:4,2
DA:5,2
DA:6,2
DA:7,2
DA:8,2
DA:13,2
DA:14,0
DA:23,0
DA:26,0
DA:27,0
DA:28,0
DA:31,0
DA:32,0
DA:36,0
DA:37,0
DA:38,0
DA:42,0
DA:45,0
DA:71,0
DA:81,0
DA:82,0
DA:89,2
DA:90,0
DA:91,0
DA:93,0
DA:114,0
DA:115,0
DA:116,0
DA:120,0
DA:133,0
DA:138,0
DA:139,0
DA:146,2
DA:147,0
DA:148,0
DA:151,0
DA:152,0
DA:153,0
DA:156,0
DA:157,0
DA:164,0
DA:186,0
DA:187,0
DA:189,0
DA:191,0
DA:192,0
DA:195,0
DA:196,0
DA:200,0
DA:202,0
DA:203,0
DA:210,2
DA:211,0
DA:212,0
DA:215,0
DA:224,0
DA:225,0
DA:226,0
DA:230,0
DA:231,0
DA:232,0
DA:233,0
DA:237,0
DA:238,0
DA:239,0
DA:240,0
DA:244,0
DA:251,0
DA:272,0
DA:274,0
DA:275,0
DA:282,2
DA:283,0
DA:284,0
DA:285,0
DA:287,0
DA:289,0
DA:290,0
DA:291,0
DA:295,0
DA:296,0
DA:298,0
DA:301,0
DA:322,0
DA:324,0
DA:325,0
DA:332,2
DA:333,0
DA:334,0
DA:336,0
DA:338,0
DA:339,0
DA:340,0
DA:344,0
DA:346,0
DA:347,0
DA:348,0
DA:351,0
DA:353,0
DA:355,0
DA:356,0
LF:103
LH:13
BRDA:16,0,0,0
BRDA:17,1,0,0
BRDA:21,2,0,0
BRDA:22,3,0,0
BRDA:27,4,0,0
BRDA:27,4,1,0
BRDA:31,5,0,0
BRDA:31,5,1,0
BRDA:37,6,0,0
BRDA:37,6,1,0
BRDA:114,7,0,0
BRDA:114,7,1,0
BRDA:152,8,0,0
BRDA:152,8,1,0
BRDA:156,9,0,0
BRDA:156,9,1,0
BRDA:187,10,0,0
BRDA:187,10,1,0
BRDA:189,11,0,0
BRDA:189,11,1,0
BRDA:195,12,0,0
BRDA:195,12,1,0
BRDA:224,13,0,0
BRDA:224,13,1,0
BRDA:231,14,0,0
BRDA:231,14,1,0
BRDA:237,15,0,0
BRDA:237,15,1,0
BRDA:238,16,0,0
BRDA:238,16,1,0
BRDA:238,17,0,0
BRDA:238,17,1,0
BRDA:289,18,0,0
BRDA:289,18,1,0
BRDA:295,19,0,0
BRDA:295,19,1,0
BRDA:296,20,0,0
BRDA:296,20,1,0
BRDA:338,21,0,0
BRDA:338,21,1,0
BRDA:346,22,0,0
BRDA:346,22,1,0
BRF:42
BRH:0
end_of_record
TN:
SF:src/controllers/mobileController.ts
FN:14,(anonymous_1)
FN:60,(anonymous_2)
FN:71,(anonymous_3)
FN:74,(anonymous_4)
FN:77,(anonymous_5)
FN:115,(anonymous_6)
FN:206,(anonymous_7)
FN:290,(anonymous_8)
FN:323,(anonymous_9)
FNF:9
FNH:7
FNDA:3,(anonymous_1)
FNDA:3,(anonymous_2)
FNDA:1,(anonymous_3)
FNDA:3,(anonymous_4)
FNDA:2,(anonymous_5)
FNDA:4,(anonymous_6)
FNDA:2,(anonymous_7)
FNDA:0,(anonymous_8)
FNDA:0,(anonymous_9)
DA:2,2
DA:3,2
DA:4,2
DA:5,2
DA:6,2
DA:7,2
DA:8,2
DA:14,2
DA:15,3
DA:16,3
DA:18,3
DA:19,0
DA:20,0
DA:24,3
DA:26,3
DA:27,0
DA:28,0
DA:32,3
DA:33,3
DA:34,3
DA:37,3
DA:60,3
DA:61,3
DA:71,3
DA:74,3
DA:77,3
DA:98,3
DA:107,0
DA:108,0
DA:115,2
DA:116,4
DA:117,4
DA:118,4
DA:120,4
DA:121,0
DA:122,0
DA:126,4
DA:127,0
DA:128,0
DA:132,4
DA:134,4
DA:135,0
DA:136,0
DA:140,4
DA:144,4
DA:148,4
DA:149,1
DA:150,1
DA:154,3
DA:155,3
DA:157,3
DA:158,1
DA:163,1
DA:167,2
DA:170,2
DA:180,2
DA:185,2
DA:198,0
DA:199,0
DA:206,2
DA:207,2
DA:208,2
DA:210,2
DA:211,0
DA:212,0
DA:216,2
DA:217,2
DA:218,2
DA:219,2
DA:221,2
DA:231,2
DA:232,2
DA:234,2
DA:244,2
DA:247,2
DA:248,2
DA:250,2
DA:259,2
DA:262,2
DA:266,2
DA:282,0
DA:283,0
DA:290,2
DA:291,0
DA:292,0
DA:293,0
DA:295,0
DA:296,0
DA:297,0
DA:300,0
DA:321,0
DA:323,0
DA:334,0
DA:339,0
DA:340,0
LF:95
LH:65
BRDA:18,0,0,0
BRDA:18,0,1,3
BRDA:26,1,0,0
BRDA:26,1,1,3
BRDA:120,2,0,0
BRDA:120,2,1,4
BRDA:126,3,0,0
BRDA:126,3,1,4
BRDA:126,4,0,4
BRDA:126,4,1,4
BRDA:134,5,0,0
BRDA:134,5,1,4
BRDA:148,6,0,1
BRDA:148,6,1,3
BRDA:157,7,0,1
BRDA:157,7,1,2
BRDA:176,8,0,0
BRDA:176,8,1,2
BRDA:210,9,0,0
BRDA:210,9,1,2
BRDA:293,10,0,0
BRDA:293,11,0,0
BRDA:295,12,0,0
BRDA:295,12,1,0
BRF:24
BRH:13
end_of_record
TN:
SF:src/controllers/readingController.ts
FN:13,(anonymous_1)
FN:116,(anonymous_2)
FN:168,(anonymous_3)
FN:226,(anonymous_4)
FN:254,(anonymous_5)
FN:315,(anonymous_6)
FNF:6
FNH:0
FNDA:0,(anonymous_1)
FNDA:0,(anonymous_2)
FNDA:0,(anonymous_3)
FNDA:0,(anonymous_4)
FNDA:0,(anonymous_5)
FNDA:0,(anonymous_6)
DA:2,2
DA:3,2
DA:4,2
DA:5,2
DA:6,2
DA:7,2
DA:8,2
DA:13,2
DA:14,0
DA:25,0
DA:28,0
DA:30,0
DA:31,0
DA:32,0
DA:33,0
DA:34,0
DA:39,0
DA:40,0
DA:44,0
DA:87,0
DA:90,0
DA:98,0
DA:108,0
DA:109,0
DA:116,2
DA:117,0
DA:118,0
DA:120,0
DA:153,0
DA:154,0
DA:155,0
DA:158,0
DA:160,0
DA:161,0
DA:168,2
DA:169,0
DA:170,0
DA:173,0
DA:175,0
DA:176,0
DA:177,0
DA:181,0
DA:182,0
DA:183,0
DA:187,0
DA:196,0
DA:197,0
DA:198,0
DA:201,0
DA:216,0
DA:218,0
DA:219,0
DA:226,2
DA:227,0
DA:228,0
DA:229,0
DA:231,0
DA:244,0
DA:246,0
DA:247,0
DA:254,2
DA:255,0
DA:256,0
DA:259,0
DA:260,0
DA:261,0
DA:266,0
DA:267,0
DA:268,0
DA:271,0
DA:272,0
DA:273,0
DA:277,0
DA:313,0
DA:315,0
DA:316,0
DA:317,0
DA:318,0
DA:319,0
DA:321,0
DA:324,0
DA:325,0
DA:326,0
DA:328,0
DA:329,0
LF:85
LH:12
BRDA:16,0,0,0
BRDA:17,1,0,0
BRDA:23,2,0,0
BRDA:24,3,0,0
BRDA:30,4,0,0
BRDA:30,4,1,0
BRDA:39,5,0,0
BRDA:39,5,1,0
BRDA:71,6,0,0
BRDA:71,6,1,0
BRDA:77,7,0,0
BRDA:77,7,1,0
BRDA:82,8,0,0
BRDA:82,8,1,0
BRDA:153,9,0,0
BRDA:153,9,1,0
BRDA:175,10,0,0
BRDA:175,10,1,0
BRDA:181,11,0,0
BRDA:181,11,1,0
BRDA:192,12,0,0
BRDA:192,12,1,0
BRDA:197,13,0,0
BRDA:197,13,1,0
BRDA:229,14,0,0
BRDA:260,15,0,0
BRDA:260,15,1,0
BRDA:260,16,0,0
BRDA:260,16,1,0
BRDA:267,17,0,0
BRDA:267,17,1,0
BRDA:272,18,0,0
BRDA:272,18,1,0
BRDA:318,19,0,0
BRDA:318,19,1,0
BRDA:319,20,0,0
BRDA:319,20,1,0
BRF:37
BRH:0
end_of_record
TN:
SF:src/controllers/reportController.ts
FN:14,(anonymous_10)
FN:106,(anonymous_11)
FN:107,(anonymous_12)
FN:108,(anonymous_13)
FN:110,(anonymous_14)
FN:146,(anonymous_15)
FN:158,(anonymous_16)
FN:186,(anonymous_17)
FN:273,(anonymous_18)
FN:274,(anonymous_19)
FN:282,(anonymous_20)
FN:284,(anonymous_21)
FN:311,(anonymous_22)
FN:313,(anonymous_23)
FNF:14
FNH:0
FNDA:0,(anonymous_10)
FNDA:0,(anonymous_11)
FNDA:0,(anonymous_12)
FNDA:0,(anonymous_13)
FNDA:0,(anonymous_14)
FNDA:0,(anonymous_15)
FNDA:0,(anonymous_16)
FNDA:0,(anonymous_17)
FNDA:0,(anonymous_18)
FNDA:0,(anonymous_19)
FNDA:0,(anonymous_20)
FNDA:0,(anonymous_21)
FNDA:0,(anonymous_22)
FNDA:0,(anonymous_23)
DA:2,2
DA:3,2
DA:4,2
DA:5,2
DA:6,2
DA:7,2
DA:8,2
DA:14,2
DA:15,0
DA:16,0
DA:18,0
DA:19,0
DA:20,0
DA:24,0
DA:41,0
DA:72,0
DA:106,0
DA:107,0
DA:108,0
DA:110,0
DA:111,0
DA:112,0
DA:113,0
DA:121,0
DA:131,0
DA:133,0
DA:134,0
DA:136,0
DA:139,0
DA:140,0
DA:141,0
DA:142,0
DA:143,0
DA:146,0
DA:147,0
DA:148,0
DA:149,0
DA:150,0
DA:151,0
DA:152,0
DA:154,0
DA:155,0
DA:156,0
DA:158,0
DA:159,0
DA:165,0
DA:169,0
DA:173,0
DA:175,0
DA:176,0
DA:177,0
DA:186,2
DA:187,0
DA:188,0
DA:190,0
DA:191,0
DA:192,0
DA:196,0
DA:197,0
DA:198,0
DA:202,0
DA:229,0
DA:230,0
DA:231,0
DA:232,0
DA:234,0
DA:258,0
DA:260,0
DA:261,0
DA:263,0
DA:266,0
DA:267,0
DA:268,0
DA:269,0
DA:270,0
DA:273,0
DA:274,0
DA:277,0
DA:278,0
DA:279,0
DA:280,0
DA:282,0
DA:283,0
DA:284,0
DA:287,0
DA:288,0
DA:289,0
DA:291,0
DA:292,0
DA:293,0
DA:294,0
DA:295,0
DA:296,0
DA:297,0
DA:299,0
DA:302,0
DA:306,0
DA:307,0
DA:308,0
DA:309,0
DA:311,0
DA:312,0
DA:313,0
DA:316,0
DA:317,0
DA:318,0
DA:320,0
DA:321,0
DA:322,0
DA:323,0
DA:324,0
DA:325,0
DA:326,0
DA:328,0
DA:333,0
DA:337,0
DA:339,0
DA:340,0
DA:341,0
LF:119
LH:9
BRDA:18,0,0,0
BRDA:18,0,1,0
BRDA:18,1,0,0
BRDA:18,1,1,0
BRDA:117,2,0,0
BRDA:117,2,1,0
BRDA:123,3,0,0
BRDA:123,3,1,0
BRDA:154,4,0,0
BRDA:154,4,1,0
BRDA:176,5,0,0
BRDA:176,5,1,0
BRDA:190,6,0,0
BRDA:190,6,1,0
BRDA:190,7,0,0
BRDA:190,7,1,0
BRDA:197,8,0,0
BRDA:197,8,1,0
BRDA:277,9,0,0
BRDA:277,9,1,0
BRDA:284,10,0,0
BRDA:284,10,1,0
BRDA:289,11,0,0
BRDA:289,11,1,0
BRDA:295,12,0,0
BRDA:295,12,1,0
BRDA:297,13,0,0
BRDA:297,13,1,0
BRDA:306,14,0,0
BRDA:306,14,1,0
BRDA:313,15,0,0
BRDA:313,15,1,0
BRDA:318,16,0,0
BRDA:318,16,1,0
BRDA:324,17,0,0
BRDA:324,17,1,0
BRDA:326,18,0,0
BRDA:326,18,1,0
BRDA:340,19,0,0
BRDA:340,19,1,0
BRF:40
BRH:0
end_of_record
TN:
SF:src/controllers/userController.ts
FN:9,(anonymous_9)
FN:34,(anonymous_10)
FN:57,(anonymous_11)
FN:115,(anonymous_12)
FN:151,(anonymous_13)
FN:195,(anonymous_14)
FNF:6
FNH:0
FNDA:0,(anonymous_9)
FNDA:0,(anonymous_10)
FNDA:0,(anonymous_11)
FNDA:0,(anonymous_12)
FNDA:0,(anonymous_13)
FNDA:0,(anonymous_14)
DA:2,2
DA:3,2
DA:4,2
DA:9,2
DA:10,0
DA:11,0
DA:13,0
DA:14,0
DA:15,0
DA:18,0
DA:24,0
DA:26,0
DA:27,0
DA:34,2
DA:35,0
DA:36,0
DA:38,0
DA:42,0
DA:43,0
DA:44,0
DA:47,0
DA:49,0
DA:50,0
DA:57,2
DA:58,0
DA:59,0
DA:62,0
DA:64,0
DA:65,0
DA:66,0
DA:70,0
DA:73,0
DA:83,0
DA:98,0
DA:107,0
DA:108,0
DA:115,2
DA:116,0
DA:117,0
DA:118,0
DA:120,0
DA:122,0
DA:123,0
DA:124,0
DA:128,0
DA:129,0
DA:130,0
DA:132,0
DA:134,0
DA:143,0
DA:144,0
DA:151,2
DA:152,0
DA:153,0
DA:155,0
DA:157,0
DA:158,0
DA:159,0
DA:163,0
DA:166,0
DA:167,0
DA:168,0
DA:171,0
DA:185,0
DA:187,0
DA:188,0
DA:195,2
DA:196,0
DA:197,0
DA:199,0
DA:201,0
DA:202,0
DA:203,0
DA:206,0
DA:208,0
DA:210,0
DA:211,0
LF:77
LH:9
BRDA:11,0,0,0
BRDA:11,1,0,0
BRDA:14,2,0,0
BRDA:14,2,1,0
BRDA:42,3,0,0
BRDA:42,3,1,0
BRDA:59,4,0,0
BRDA:64,5,0,0
BRDA:64,5,1,0
BRDA:122,6,0,0
BRDA:122,6,1,0
BRDA:128,7,0,0
BRDA:128,7,1,0
BRDA:129,8,0,0
BRDA:129,8,1,0
BRDA:130,9,0,0
BRDA:130,9,1,0
BRDA:157,10,0,0
BRDA:157,10,1,0
BRDA:201,11,0,0
BRDA:201,11,1,0
BRF:21
BRH:0
end_of_record
TN:
SF:src/middleware/auth.ts
FN:17,(anonymous_0)
FN:44,(anonymous_1)
FN:45,(anonymous_2)
FNF:3
FNH:2
FNDA:9,(anonymous_0)
FNDA:4,(anonymous_1)
FNDA:0,(anonymous_2)
DA:2,2
DA:17,2
DA:18,9
DA:20,9
DA:22,9
DA:23,0
DA:24,0
DA:27,9
DA:30,9
DA:33,9
DA:35,9
DA:37,0
DA:44,2
DA:45,4
DA:46,0
DA:47,0
DA:48,0
DA:51,0
DA:52,0
DA:53,0
DA:56,0
LF:21
LH:11
BRDA:22,0,0,0
BRDA:22,0,1,9
BRDA:22,1,0,9
BRDA:22,1,1,9
BRDA:46,2,0,0
BRDA:46,2,1,0
BRDA:51,3,0,0
BRDA:51,3,1,0
BRF:8
BRH:3
end_of_record
TN:
SF:src/middleware/errorHandler.ts
FN:11,(anonymous_0)
FN:39,(anonymous_1)
FNF:2
FNH:0
FNDA:0,(anonymous_0)
FNDA:0,(anonymous_1)
DA:11,2
DA:17,0
DA:18,0
DA:21,0
DA:30,0
DA:39,2
DA:40,0
LF:7
LH:2
BRDA:17,0,0,0
BRDA:17,0,1,0
BRDA:18,1,0,0
BRDA:18,1,1,0
BRDA:31,2,0,0
BRDA:31,2,1,0
BRDA:32,3,0,0
BRDA:32,3,1,0
BRF:8
BRH:0
end_of_record
TN:
SF:src/middleware/validator.ts
FN:7,(anonymous_0)
FN:8,(anonymous_1)
FN:10,(anonymous_2)
FN:21,(anonymous_3)
FNF:4
FNH:3
FNDA:24,(anonymous_0)
FNDA:6,(anonymous_1)
FNDA:16,(anonymous_2)
FNDA:0,(anonymous_3)
DA:2,2
DA:7,2
DA:8,24
DA:10,16
DA:12,6
DA:14,6
DA:15,6
DA:16,6
DA:20,0
DA:21,0
DA:22,0
DA:23,0
DA:24,0
DA:26,0
DA:30,0
LF:15
LH:8
BRDA:14,0,0,6
BRDA:14,0,1,0
BRDA:22,1,0,0
BRDA:22,1,1,0
BRDA:23,2,0,0
BRDA:23,2,1,0
BRF:6
BRH:1
end_of_record
TN:
SF:src/models/Address.ts
FN:6,(anonymous_1)
FN:45,(anonymous_2)
FNF:2
FNH:1
FNDA:3,(anonymous_1)
FNDA:0,(anonymous_2)
DA:1,3
DA:2,3
DA:3,3
DA:4,3
DA:6,3
DA:7,3
DA:8,3
DA:9,3
DA:46,0
DA:47,0
DA:48,0
DA:49,0
DA:53,3
DA:105,3
DA:106,3
DA:107,3
DA:108,3
DA:110,3
LF:18
LH:14
BRDA:6,0,0,3
BRDA:6,0,1,3
BRDA:47,1,0,0
BRDA:47,1,1,0
BRDA:48,2,0,0
BRDA:48,2,1,0
BRF:6
BRH:2
end_of_record
TN:
SF:src/models/Agent.ts
FN:32,(anonymous_1)
FN:47,(anonymous_2)
FN:55,(anonymous_3)
FNF:3
FNH:2
FNDA:0,(anonymous_1)
FNDA:3,(anonymous_2)
FNDA:3,(anonymous_3)
DA:1,3
DA:2,3
DA:3,3
DA:33,0
DA:37,3
DA:48,3
DA:49,3
DA:56,3
DA:57,3
DA:84,3
DA:85,3
DA:87,3
LF:12
LH:11
BRDA:49,0,0,3
BRDA:49,0,1,0
BRDA:57,1,0,3
BRDA:57,1,1,0
BRF:4
BRH:2
end_of_record
TN:
SF:src/models/Client.ts
FN:27,(anonymous_1)
FNF:1
FNH:0
FNDA:0,(anonymous_1)
DA:1,3
DA:2,3
DA:28,0
DA:32,3
DA:67,3
LF:5
LH:4
BRF:0
BRH:0
end_of_record
TN:
SF:src/models/District.ts
FNF:0
FNH:0
DA:1,3
DA:2,3
DA:22,3
DA:45,3
LF:4
LH:4
BRF:0
BRH:0
end_of_record
TN:
SF:src/models/LoginLog.ts
FNF:0
FNH:0
DA:1,3
DA:2,3
DA:3,3
DA:32,3
DA:77,3
DA:79,3
LF:6
LH:6
BRF:0
BRH:0
end_of_record
TN:
SF:src/models/Meter.ts
FN:5,(anonymous_1)
FN:39,(anonymous_2)
FN:82,(anonymous_3)
FNF:3
FNH:3
FNDA:3,(anonymous_1)
FNDA:10,(anonymous_2)
FNDA:10,(anonymous_3)
DA:1,3
DA:2,3
DA:3,3
DA:5,3
DA:6,3
DA:7,3
DA:40,10
DA:44,3
DA:83,10
DA:85,10
DA:86,10
DA:94,3
DA:95,3
DA:97,3
LF:14
LH:14
BRDA:5,0,0,3
BRDA:5,0,1,3
BRDA:83,1,0,10
BRDA:83,1,1,0
BRF:4
BRH:3
end_of_record
TN:
SF:src/models/Reading.ts
FN:38,(anonymous_1)
FN:88,(anonymous_2)
FN:94,(anonymous_3)
FNF:3
FNH:2
FNDA:5,(anonymous_1)
FNDA:5,(anonymous_2)
FNDA:0,(anonymous_3)
DA:1,3
DA:2,3
DA:3,3
DA:4,3
DA:39,5
DA:43,3
DA:90,5
DA:91,3
DA:95,0
DA:96,0
DA:104,3
DA:105,3
DA:106,3
DA:107,3
DA:109,3
LF:15
LH:13
BRDA:90,0,0,3
BRDA:90,0,1,2
BRDA:90,1,0,5
BRDA:90,1,1,2
BRDA:95,2,0,0
BRDA:95,2,1,0
BRDA:95,3,0,0
BRDA:95,3,1,0
BRF:8
BRH:4
end_of_record
TN:
SF:src/models/User.ts
FN:5,(anonymous_1)
FN:38,(anonymous_2)
FN:43,(anonymous_3)
FN:51,(anonymous_4)
FN:66,(anonymous_5)
FN:74,(anonymous_6)
FNF:6
FNH:5
FNDA:3,(anonymous_1)
FNDA:2,(anonymous_2)
FNDA:5,(anonymous_3)
FNDA:0,(anonymous_4)
FNDA:1,(anonymous_5)
FNDA:1,(anonymous_6)
DA:1,3
DA:2,3
DA:3,3
DA:5,3
DA:6,3
DA:7,3
DA:39,2
DA:44,5
DA:45,4
DA:46,4
DA:52,0
DA:56,3
DA:67,1
DA:68,1
DA:75,1
DA:76,1
DA:115,3
LF:17
LH:16
BRDA:5,0,0,3
BRDA:5,0,1,3
BRDA:44,1,0,4
BRDA:44,1,1,1
BRDA:68,2,0,1
BRDA:68,2,1,0
BRDA:76,3,0,1
BRDA:76,3,1,0
BRF:8
BRH:6
end_of_record
TN:
SF:src/models/index.ts
FNF:0
FNH:0
DA:1,0
DA:2,0
DA:3,0
DA:4,0
DA:5,0
DA:6,0
DA:7,0
DA:11,0
DA:12,0
DA:13,0
DA:14,0
DA:15,0
DA:16,0
DA:17,0
DA:21,0
DA:22,0
DA:23,0
DA:24,0
DA:25,0
DA:26,0
DA:27,0
LF:21
LH:0
BRF:0
BRH:0
end_of_record
TN:
SF:src/routes/agentRoutes.ts
FNF:0
FNH:0
DA:1,2
DA:2,2
DA:3,2
DA:11,2
DA:12,2
DA:14,2
DA:17,2
DA:24,2
DA:31,2
DA:38,2
DA:45,2
DA:61,2
DA:77,2
DA:79,2
LF:14
LH:14
BRF:0
BRH:0
end_of_record
TN:
SF:src/routes/authRoutes.ts
FNF:0
FNH:0
DA:1,2
DA:2,2
DA:3,2
DA:10,2
DA:11,2
DA:13,2
DA:20,2
DA:34,2
DA:45,2
DA:60,2
DA:71,2
DA:73,2
LF:12
LH:12
BRF:0
BRH:0
end_of_record
TN:
SF:src/routes/billingRoutes.ts
FNF:0
FNH:0
DA:1,2
DA:2,2
DA:3,2
DA:4,2
DA:6,2
DA:9,2
DA:16,2
DA:25,2
DA:27,2
LF:9
LH:9
BRF:0
BRH:0
end_of_record
TN:
SF:src/routes/dashboardRoutes.ts
FNF:0
FNH:0
DA:1,2
DA:2,2
DA:8,2
DA:10,2
DA:13,2
DA:20,2
DA:27,2
DA:34,2
DA:41,2
DA:43,2
LF:10
LH:10
BRF:0
BRH:0
end_of_record
TN:
SF:src/routes/districtRoutes.ts
FNF:0
FNH:0
DA:1,2
DA:2,2
DA:3,2
DA:5,2
DA:8,2
DA:11,2
DA:13,2
LF:7
LH:7
BRF:0
BRH:0
end_of_record
TN:
SF:src/routes/index.ts
FN:28,(anonymous_1)
FNF:1
FNH:0
FNDA:0,(anonymous_1)
DA:1,2
DA:2,2
DA:3,2
DA:4,2
DA:5,2
DA:6,2
DA:7,2
DA:8,2
DA:9,2
DA:10,2
DA:11,2
DA:13,2
DA:16,2
DA:17,2
DA:18,2
DA:19,2
DA:20,2
DA:21,2
DA:22,2
DA:23,2
DA:24,2
DA:25,2
DA:28,2
DA:29,0
DA:32,2
LF:25
LH:24
BRF:0
BRH:0
end_of_record
TN:
SF:src/routes/meterRoutes.ts
FNF:0
FNH:0
DA:1,2
DA:2,2
DA:3,2
DA:11,2
DA:12,2
DA:13,2
DA:15,2
DA:18,2
DA:25,2
DA:32,2
DA:39,2
DA:46,2
DA:60,2
DA:74,2
DA:76,2
LF:15
LH:15
BRF:0
BRH:0
end_of_record
TN:
SF:src/routes/mobileRoutes.ts
FNF:0
FNH:0
DA:1,2
DA:2,2
DA:3,2
DA:9,2
DA:10,2
DA:12,2
DA:15,2
DA:22,2
DA:29,2
DA:44,2
DA:53,2
DA:55,2
LF:12
LH:12
BRF:0
BRH:0
end_of_record
TN:
SF:src/routes/readingRoutes.ts
FNF:0
FNH:0
DA:1,2
DA:2,2
DA:3,2
DA:10,2
DA:11,2
DA:13,2
DA:16,2
DA:23,2
DA:30,2
DA:37,2
DA:44,2
DA:51,2
DA:62,2
LF:13
LH:13
BRF:0
BRH:0
end_of_record
TN:
SF:src/routes/reportRoutes.ts
FNF:0
FNH:0
DA:1,2
DA:2,2
DA:3,2
DA:5,2
DA:8,2
DA:15,2
DA:22,2
DA:24,2
LF:8
LH:8
BRF:0
BRH:0
end_of_record
TN:
SF:src/routes/userRoutes.ts
FNF:0
FNH:0
DA:1,2
DA:2,2
DA:3,2
DA:11,2
DA:12,2
DA:13,2
DA:15,2
DA:18,2
DA:19,2
DA:26,2
DA:33,2
DA:40,2
DA:56,2
DA:71,2
DA:78,2
DA:80,2
LF:16
LH:16
BRF:0
BRH:0
end_of_record
TN:
SF:src/scripts/createAdmin.ts
FN:7,(anonymous_10)
FNF:1
FNH:0
FNDA:0,(anonymous_10)
DA:1,0
DA:2,0
DA:7,0
DA:8,0
DA:9,0
DA:10,0
DA:13,0
DA:16,0
DA:20,0
DA:21,0
DA:22,0
DA:26,0
DA:35,0
DA:36,0
DA:37,0
DA:38,0
DA:40,0
DA:42,0
DA:43,0
DA:47,0
LF:20
LH:0
BRDA:20,0,0,0
BRDA:20,0,1,0
BRF:2
BRH:0
end_of_record
TN:
SF:src/scripts/seedDatabase.ts
FN:13,(anonymous_10)
FN:203,(anonymous_11)
FNF:2
FNH:0
FNDA:0,(anonymous_10)
FNDA:0,(anonymous_11)
DA:1,0
DA:2,0
DA:3,0
DA:4,0
DA:5,0
DA:6,0
DA:7,0
DA:8,0
DA:13,0
DA:14,0
DA:15,0
DA:18,0
DA:19,0
DA:22,0
DA:23,0
DA:32,0
DA:41,0
DA:50,0
DA:53,0
DA:54,0
DA:61,0
DA:64,0
DA:65,0
DA:116,0
DA:119,0
DA:120,0
DA:121,0
DA:122,0
DA:123,0
DA:125,0
DA:133,0
DA:134,0
DA:137,0
DA:138,0
DA:139,0
DA:141,0
DA:142,0
DA:143,0
DA:153,0
DA:154,0
DA:157,0
DA:158,0
DA:159,0
DA:161,0
DA:169,0
DA:170,0
DA:178,0
DA:179,0
DA:182,0
DA:183,0
DA:184,0
DA:185,0
DA:187,0
DA:188,0
DA:189,0
DA:191,0
DA:192,0
DA:193,0
DA:195,0
DA:196,0
DA:199,0
DA:203,0
DA:204,0
DA:206,0
DA:214,0
DA:217,0
DA:218,0
DA:220,0
DA:221,0
DA:222,0
DA:223,0
DA:224,0
DA:225,0
DA:226,0
DA:227,0
DA:228,0
DA:229,0
DA:230,0
DA:231,0
DA:232,0
DA:234,0
DA:236,0
DA:237,0
DA:242,0
LF:84
LH:0
BRDA:130,0,0,0
BRDA:130,0,1,0
BRDA:146,1,0,0
BRDA:146,1,1,0
BRDA:147,2,0,0
BRDA:147,2,1,0
BRDA:148,3,0,0
BRDA:148,3,1,0
BRDA:148,4,0,0
BRDA:148,4,1,0
BRDA:169,5,0,0
BRDA:169,5,1,0
BRDA:195,6,0,0
BRDA:195,6,1,0
BRDA:211,7,0,0
BRDA:211,7,1,0
BRF:16
BRH:0
end_of_record
TN:
SF:src/utils/jwt.ts
FN:26,(anonymous_1)
FN:33,(anonymous_2)
FN:40,(anonymous_3)
FN:51,(anonymous_4)
FN:62,(anonymous_5)
FNF:5
FNH:4
FNDA:1,(anonymous_1)
FNDA:1,(anonymous_2)
FNDA:1,(anonymous_3)
FNDA:9,(anonymous_4)
FNDA:0,(anonymous_5)
DA:1,2
DA:2,2
DA:4,2
DA:6,2
DA:7,2
DA:8,2
DA:9,2
DA:26,2
DA:27,1
DA:33,2
DA:34,1
DA:40,2
DA:41,1
DA:51,2
DA:52,9
DA:53,9
DA:55,0
DA:62,2
DA:63,0
DA:64,0
DA:66,0
LF:21
LH:17
BRDA:6,0,0,2
BRDA:6,0,1,0
BRDA:7,1,0,2
BRDA:7,1,1,0
BRDA:8,2,0,2
BRDA:8,2,1,0
BRDA:9,3,0,2
BRDA:9,3,1,0
BRF:8
BRH:4
end_of_record
TN:
SF:src/utils/loginLogger.ts
FN:15,(anonymous_1)
FN:50,(anonymous_2)
FNF:2
FNH:1
FNDA:2,(anonymous_1)
FNDA:0,(anonymous_2)
DA:2,2
DA:15,2
DA:22,2
DA:25,2
DA:31,2
DA:33,2
DA:43,0
DA:50,2
DA:54,0
DA:55,0
DA:57,0
DA:67,0
DA:69,0
DA:70,0
LF:14
LH:7
BRDA:25,0,0,2
BRDA:25,0,1,2
BRDA:25,0,2,2
BRDA:25,0,3,0
BRDA:31,1,0,2
BRDA:31,1,1,2
BRDA:52,2,0,0
BRF:7
BRH:5
end_of_record
TN:
SF:src/utils/passwordGenerator.ts
FN:6,(anonymous_0)
FN:30,(anonymous_1)
FN:37,(anonymous_2)
FNF:3
FNH:0
FNDA:0,(anonymous_0)
FNDA:0,(anonymous_1)
FNDA:0,(anonymous_2)
DA:6,2
DA:7,0
DA:8,0
DA:9,0
DA:10,0
DA:12,0
DA:14,0
DA:17,0
DA:18,0
DA:19,0
DA:20,0
DA:23,0
DA:24,0
DA:28,0
DA:30,0
DA:37,2
DA:38,0
DA:40,0
DA:41,0
DA:44,0
DA:45,0
DA:48,0
DA:49,0
DA:52,0
DA:53,0
DA:56,0
DA:57,0
DA:60,0
LF:28
LH:2
BRDA:6,0,0,0
BRDA:40,1,0,0
BRDA:40,1,1,0
BRDA:44,2,0,0
BRDA:44,2,1,0
BRDA:48,3,0,0
BRDA:48,3,1,0
BRDA:52,4,0,0
BRDA:52,4,1,0
BRDA:56,5,0,0
BRDA:56,5,1,0
BRF:11
BRH:0
end_of_record
